[debug] [2026-06-18T03:41:44.839Z] ----------------------------------------------------------------------
[debug] [2026-06-18T03:41:44.845Z] Command:       C:\Program Files\nodejs\node.exe C:\Users\user\AppData\Roaming\npm\node_modules\firebase-tools\lib\bin\firebase.js init
[debug] [2026-06-18T03:41:44.846Z] CLI Version:   15.20.0
[debug] [2026-06-18T03:41:44.846Z] Platform:      win32
[debug] [2026-06-18T03:41:44.846Z] Node Version:  v22.15.1
[debug] [2026-06-18T03:41:44.847Z] Time:          Thu Jun 18 2026 10:41:44 GMT+0700 (Indochina Time)
[debug] [2026-06-18T03:41:44.847Z] ----------------------------------------------------------------------
[debug] 
[debug] [2026-06-18T03:41:44.851Z] >>> [apiv2][query] GET https://firebase-public.firebaseio.com/cli.json [none]
[info] 
     ######## #### ########  ######## ########     ###     ######  ########
     ##        ##  ##     ## ##       ##     ##  ##   ##  ##       ##
     ######    ##  ########  ######   ########  #########  ######  ######
     ##        ##  ##    ##  ##       ##     ## ##     ##       ## ##
     ##       #### ##     ## ######## ########  ##     ##  ######  ########

You're about to initialize a Firebase project in this directory:

  C:\Users\user\Documents\Manajemen Proyek\syncteam

[debug] [2026-06-18T03:41:49.348Z] <<< [apiv2][status] GET https://firebase-public.firebaseio.com/cli.json 200
[debug] [2026-06-18T03:41:49.348Z] <<< [apiv2][body] GET https://firebase-public.firebaseio.com/cli.json {"cloudBuildErrorAfter":1594252800000,"cloudBuildWarnAfter":1590019200000,"defaultNode10After":1594252800000,"minVersion":"3.0.5","node8DeploysDisabledAfter":1613390400000,"node8RuntimeDisabledAfter":1615809600000,"node8WarnAfter":1600128000000}
[info] 
=== Project Setup
[info] 
[info] First, let's associate this project directory with a Firebase project.
[info] You can create multiple project aliases by running firebase use --add, 
[info] 
[debug] [2026-06-18T03:42:09.770Z] > command requires scopes: ["email","openid","https://www.googleapis.com/auth/cloudplatformprojects.readonly","https://www.googleapis.com/auth/firebase","https://www.googleapis.com/auth/cloud-platform"]
[debug] [2026-06-18T03:42:09.771Z] > authorizing via signed-in user (maulashidqic10@gmail.com)
[debug] [2026-06-18T03:42:09.772Z] Checked if tokens are valid: false, expires at: 1781671205431
[debug] [2026-06-18T03:42:09.772Z] Checked if tokens are valid: false, expires at: 1781671205431
[debug] [2026-06-18T03:42:09.772Z] > refreshing access token with scopes: []
[debug] [2026-06-18T03:42:09.773Z] >>> [apiv2][query] POST https://www.googleapis.com/oauth2/v3/token [none]
[debug] [2026-06-18T03:42:09.773Z] >>> [apiv2][body] POST https://www.googleapis.com/oauth2/v3/token [omitted]
[debug] [2026-06-18T03:42:09.888Z] <<< [apiv2][status] POST https://www.googleapis.com/oauth2/v3/token 200
[debug] [2026-06-18T03:42:09.888Z] <<< [apiv2][body] POST https://www.googleapis.com/oauth2/v3/token [omitted]
[debug] [2026-06-18T03:42:09.895Z] >>> [apiv2][query] GET https://firebase.googleapis.com/v1beta1/projects pageSize=100
[debug] [2026-06-18T03:42:11.372Z] <<< [apiv2][status] GET https://firebase.googleapis.com/v1beta1/projects 200
[debug] [2026-06-18T03:42:11.372Z] <<< [apiv2][body] GET https://firebase.googleapis.com/v1beta1/projects [omitted]
[info] 
=== Hosting Setup
[debug] [2026-06-18T03:42:35.346Z] Checked if tokens are valid: true, expires at: 1781757728888
[debug] [2026-06-18T03:42:35.347Z] Checked if tokens are valid: true, expires at: 1781757728888
[debug] [2026-06-18T03:42:35.347Z] >>> [apiv2][query] GET https://firebase.googleapis.com/v1beta1/projects/syncteam-8d774 [none]
[debug] [2026-06-18T03:42:35.753Z] <<< [apiv2][status] GET https://firebase.googleapis.com/v1beta1/projects/syncteam-8d774 200
[debug] [2026-06-18T03:42:35.753Z] <<< [apiv2][body] GET https://firebase.googleapis.com/v1beta1/projects/syncteam-8d774 {"projectId":"syncteam-8d774","projectNumber":"351168736909","displayName":"SyncTeam","name":"projects/syncteam-8d774","resources":{"hostingSite":"syncteam-8d774"},"state":"ACTIVE","etag":"1_bc9ec9ed-11f8-45cd-a818-25b8cf68c80b"}
[info] 
[info] Your public directory is the folder (relative to your project directory) that
[info] will contain Hosting assets to be uploaded with firebase deploy. If you
[info] have a build process for your assets, use your build's output directory.
[info] 
